2026-02-18 23:22:26 - Request received. Action: upload
2026-02-18 23:22:26 - POST Data: Array
(
    [action] => upload
    [title] => yuiy
    [publisher] => yu
    [publication_date] => 2026-02-06
    [edition] => Morning
    [category_id] => 2
    [language_id] => 6
    [page_count] => 56
    [volume_issue] => 46
    [keywords] => 
    [description] => 
)

2026-02-18 23:22:26 - FILES Data: Array
(
)

2026-02-18 23:45:43 - Request received. Action: upload
2026-02-18 23:45:43 - POST Data: Array
(
    [action] => upload
    [title] => rtyrt
    [publisher] => yfghfg
    [publication_date] => 2003-01-23
    [edition] => Morning
    [category_id] => 9
    [language_id] => 12
    [page_count] => 
    [volume_issue] => 23
    [keywords] => werwer
    [description] => 
)

2026-02-18 23:45:43 - FILES Data: Array
(
)

2026-02-18 23:45:43 - Error: check FILES['file'] failed. Error: No file sent
2026-02-18 23:51:32 - Request received. Action: upload
2026-02-18 23:51:32 - POST Data: Array
(
    [action] => upload
    [title] => rtyrt
    [publisher] => uiyui
    [publication_date] => 2026-02-05
    [edition] => Morning
    [category_id] => 2
    [language_id] => 6
    [page_count] => 34
    [volume_issue] => 45
    [keywords] => reert
    [description] => 
)

2026-02-18 23:51:32 - FILES Data: Array
(
    [file] => Array
        (
            [name] => Capstone 102 Final Defense Schedule V3.pdf
            [full_path] => Capstone 102 Final Defense Schedule V3.pdf
            [type] => application/pdf
            [tmp_name] => C:\xampp\tmp\phpDA33.tmp
            [error] => 0
            [size] => 76108
        )

)

2026-02-18 23:51:32 - Processing upload: Capstone 102 Final Defense Schedule V3.pdf (76108 bytes)
2026-02-18 23:51:32 - File moved successfully to C:\xampp\htdocs\qcpl\ArchiveSystemFilipiniana\backend\core/../../uploads/newspapers/1771429892_607f7822.pdf
2026-02-18 23:51:32 - DB Insert Success. New ID: 40
2026-02-18 23:52:51 - Request received. Action: upload
2026-02-18 23:52:51 - POST Data: Array
(
    [action] => upload
    [title] => er
    [publisher] => ert
    [publication_date] => 2026-02-04
    [edition] => Evening
    [category_id] => 2
    [language_id] => 12
    [page_count] => 56
    [volume_issue] => 34
    [keywords] => rtyrty
    [description] => 
)

2026-02-18 23:52:51 - FILES Data: Array
(
    [file] => Array
        (
            [name] => 1770619770_5cb743a4.mobi
            [full_path] => 1770619770_5cb743a4.mobi
            [type] => application/mobi
            [tmp_name] => C:\xampp\tmp\phpE7E.tmp
            [error] => 0
            [size] => 682628
        )

    [thumbnail] => Array
        (
            [name] => efa58f34-b4a2-460f-8049-4e6fc7989c54.jpg
            [full_path] => efa58f34-b4a2-460f-8049-4e6fc7989c54.jpg
            [type] => image/jpeg
            [tmp_name] => C:\xampp\tmp\phpE8F.tmp
            [error] => 0
            [size] => 215722
        )

)

2026-02-18 23:52:51 - Processing upload: 1770619770_5cb743a4.mobi (682628 bytes)
2026-02-18 23:52:51 - File moved successfully to C:\xampp\htdocs\qcpl\ArchiveSystemFilipiniana\backend\core/../../uploads/newspapers/1771429971_ccd7a402.mobi
2026-02-18 23:52:51 - DB Insert Success. New ID: 41
2026-02-19 15:50:21 - Request received. Action: upload
2026-02-19 15:50:21 - POST Data: Array
(
    [action] => upload
    [title] => test
    [publisher] => wqeqwe
    [publication_date] => 2026-02-03
    [edition] => Morning
    [category_id] => 2
    [language_id] => 6
    [page_count] => 34
    [volume_issue] => 23
    [keywords] => qrw
    [description] => 
)

2026-02-19 15:50:21 - FILES Data: Array
(
    [file] => Array
        (
            [name] => pg77927-images-kf8.mobi
            [full_path] => pg77927-images-kf8.mobi
            [type] => application/mobi
            [tmp_name] => C:\xampp\tmp\phpAE52.tmp
            [error] => 0
            [size] => 309201
        )

    [thumbnail] => Array
        (
            [name] => f5eacd94-ee54-4422-a5d9-29b4d145469e.jpg
            [full_path] => f5eacd94-ee54-4422-a5d9-29b4d145469e.jpg
            [type] => image/jpeg
            [tmp_name] => C:\xampp\tmp\phpAE53.tmp
            [error] => 0
            [size] => 448694
        )

)

2026-02-19 15:50:21 - Processing upload: pg77927-images-kf8.mobi (309201 bytes)
2026-02-19 15:50:21 - File moved successfully to C:\xampp\htdocs\qcpl\ArchiveSystemFilipiniana\backend\core/../../uploads/newspapers/1771487421_51f2d634.mobi
2026-02-19 15:50:21 - DB Insert Success. New ID: 42
2026-02-19 16:09:38 - Request received. Action: upload
2026-02-19 16:09:38 - POST Data: Array
(
    [action] => upload
    [title] => erte
    [publisher] => ertert
    [publication_date] => 2026-02-12
    [edition] => Morning
    [category_id] => 2
    [language_id] => 12
    [page_count] => 23
    [volume_issue] => 34
    [keywords] => ert
    [description] => 
)

2026-02-19 16:09:38 - FILES Data: Array
(
    [file] => Array
        (
            [name] => pg77927-images.epub
            [full_path] => pg77927-images.epub
            [type] => application/epub
            [tmp_name] => C:\xampp\tmp\php5550.tmp
            [error] => 0
            [size] => 155465
        )

    [thumbnail] => Array
        (
            [name] => Gemini_Generated_Image_ck2hz4ck2hz4ck2h.png
            [full_path] => Gemini_Generated_Image_ck2hz4ck2hz4ck2h.png
            [type] => image/png
            [tmp_name] => C:\xampp\tmp\php5551.tmp
            [error] => 0
            [size] => 6978014
        )

)

2026-02-19 16:09:38 - Processing upload: pg77927-images.epub (155465 bytes)
2026-02-19 16:09:38 - File moved successfully to C:\xampp\htdocs\qcpl\ArchiveSystemFilipiniana\backend\core/../../uploads/newspapers/1771488578_f15710d2.epub
2026-02-19 16:09:38 - DB Insert Success. New ID: 43
2026-02-19 16:27:00 - Request received. Action: upload
2026-02-19 16:27:00 - POST Data: Array
(
    [action] => upload
    [title] => ertye
    [publisher] => rrtyt
    [publication_date] => 2026-02-10
    [edition] => Morning
    [category_id] => 6
    [language_id] => 6
    [page_count] => 45
    [volume_issue] => 56
    [keywords] => tyu
    [description] => 
)

2026-02-19 16:27:00 - FILES Data: Array
(
    [file] => Array
        (
            [name] => Capstone-102-Final-Defense-Schedule-V3.pdf
            [full_path] => Capstone-102-Final-Defense-Schedule-V3.pdf
            [type] => application/pdf
            [tmp_name] => C:\xampp\tmp\php3CEA.tmp
            [error] => 0
            [size] => 76108
        )

    [thumbnail] => Array
        (
            [name] => 3be2b972-cb37-44dc-a61f-5c083f0b5671.jpg
            [full_path] => 3be2b972-cb37-44dc-a61f-5c083f0b5671.jpg
            [type] => image/jpeg
            [tmp_name] => C:\xampp\tmp\php3CEB.tmp
            [error] => 0
            [size] => 166467
        )

)

2026-02-19 16:27:00 - Processing upload: Capstone-102-Final-Defense-Schedule-V3.pdf (76108 bytes)
2026-02-19 16:27:00 - File moved successfully to C:\xampp\htdocs\qcpl\ArchiveSystemFilipiniana\backend\core/../../uploads/newspapers/1771489620_202ff23d.pdf
2026-02-19 16:27:00 - DB Insert Success. New ID: 44
2026-02-19 16:57:18 - Request received. Action: upload
2026-02-19 16:57:18 - POST Data: Array
(
    [action] => upload
    [title] => uiiu
    [publisher] => uiuioouikl
    [publication_date] => 2026-02-11
    [edition] => Morning
    [category_id] => 2
    [language_id] => 6
    [page_count] => 89
    [volume_issue] => 67
    [keywords] => tyu
    [description] => rtedrtdddtdrtdrdrt
)

2026-02-19 16:57:18 - FILES Data: Array
(
    [file] => Array
        (
            [name] => Capstone 102 Final Defense Schedule V3.pdf
            [full_path] => Capstone 102 Final Defense Schedule V3.pdf
            [type] => application/pdf
            [tmp_name] => C:\xampp\tmp\phpFA0E.tmp
            [error] => 0
            [size] => 76108
        )

    [thumbnail] => Array
        (
            [name] => 29e9a612-84b2-415b-8a8d-04ac74d8d524.jpg
            [full_path] => 29e9a612-84b2-415b-8a8d-04ac74d8d524.jpg
            [type] => image/jpeg
            [tmp_name] => C:\xampp\tmp\phpFA0F.tmp
            [error] => 0
            [size] => 182578
        )

)

2026-02-19 16:57:18 - Processing upload: Capstone 102 Final Defense Schedule V3.pdf (76108 bytes)
2026-02-19 16:57:18 - File moved successfully to C:\xampp\htdocs\qcpl\ArchiveSystemFilipiniana\backend\core/../../uploads/newspapers/1771491438_f3acb601.pdf
2026-02-19 16:57:18 - DB Insert Success. New ID: 45
2026-02-19 16:57:53 - Request received. Action: upload
2026-02-19 16:57:53 - POST Data: Array
(
    [action] => upload
    [title] => uiouiu
    [publisher] => uijkjk
    [publication_date] => 2026-02-06
    [edition] => Morning
    [category_id] => 6
    [language_id] => 12
    [page_count] => 90
    [volume_issue] => 67
    [keywords] => werwer
    [description] => tryrtyrty
)

2026-02-19 16:57:53 - FILES Data: Array
(
    [file] => Array
        (
            [name] => Capstone 102 Final Defense Schedule V3.pdf
            [full_path] => Capstone 102 Final Defense Schedule V3.pdf
            [type] => application/pdf
            [tmp_name] => C:\xampp\tmp\php8057.tmp
            [error] => 0
            [size] => 76108
        )

    [thumbnail] => Array
        (
            [name] => 3be2b972-cb37-44dc-a61f-5c083f0b5671.jpg
            [full_path] => 3be2b972-cb37-44dc-a61f-5c083f0b5671.jpg
            [type] => image/jpeg
            [tmp_name] => C:\xampp\tmp\php8058.tmp
            [error] => 0
            [size] => 166467
        )

)

2026-02-19 16:57:53 - Processing upload: Capstone 102 Final Defense Schedule V3.pdf (76108 bytes)
2026-02-19 16:57:53 - File moved successfully to C:\xampp\htdocs\qcpl\ArchiveSystemFilipiniana\backend\core/../../uploads/newspapers/1771491473_cd34108b.pdf
2026-02-19 16:57:53 - DB Insert Success. New ID: 46
2026-02-19 16:58:29 - Request received. Action: upload
2026-02-19 16:58:29 - POST Data: Array
(
    [action] => upload
    [title] => rtyrt
    [publisher] => rty
    [publication_date] => 2026-02-05
    [edition] => Morning
    [category_id] => 2
    [language_id] => 12
    [page_count] => 56
    [volume_issue] => 56
    [keywords] => tyutyu
    [description] => tyutyut
)

2026-02-19 16:58:29 - FILES Data: Array
(
    [file] => Array
        (
            [name] => 1770619770_5cb743a4.mobi
            [full_path] => 1770619770_5cb743a4.mobi
            [type] => application/mobi
            [tmp_name] => C:\xampp\tmp\phpFA9.tmp
            [error] => 0
            [size] => 682628
        )

    [thumbnail] => Array
        (
            [name] => Gemini_Generated_Image_ck2hz4ck2hz4ck2h.png
            [full_path] => Gemini_Generated_Image_ck2hz4ck2hz4ck2h.png
            [type] => image/png
            [tmp_name] => C:\xampp\tmp\phpFB9.tmp
            [error] => 0
            [size] => 6978014
        )

)

2026-02-19 16:58:29 - Processing upload: 1770619770_5cb743a4.mobi (682628 bytes)
2026-02-19 16:58:29 - File moved successfully to C:\xampp\htdocs\qcpl\ArchiveSystemFilipiniana\backend\core/../../uploads/newspapers/1771491509_da4454d5.mobi
2026-02-19 16:58:29 - DB Insert Success. New ID: 47
2026-02-19 17:02:17 - Request received. Action: upload
2026-02-19 17:02:17 - POST Data: Array
(
    [action] => upload
    [title] => rete
    [publisher] => ert
    [publication_date] => 2026-01-21
    [edition] => Morning
    [category_id] => 1
    [language_id] => 6
    [page_count] => 45
    [volume_issue] => 45
    [keywords] => 
    [description] => 
)

2026-02-19 17:02:17 - FILES Data: Array
(
    [file] => Array
        (
            [name] => 3be2b972-cb37-44dc-a61f-5c083f0b5671.jpg
            [full_path] => 3be2b972-cb37-44dc-a61f-5c083f0b5671.jpg
            [type] => image/jpeg
            [tmp_name] => C:\xampp\tmp\php8903.tmp
            [error] => 0
            [size] => 166467
        )

)

2026-02-19 17:02:17 - Processing upload: 3be2b972-cb37-44dc-a61f-5c083f0b5671.jpg (166467 bytes)
2026-02-19 17:02:17 - File moved successfully to C:\xampp\htdocs\qcpl\ArchiveSystemFilipiniana\backend\core/../../uploads/newspapers/1771491737_5d2788f3.jpg
2026-02-19 17:02:17 - DB Insert Success. New ID: 48
2026-02-20 01:30:52 - Request received. Action: upload
2026-02-20 01:30:52 - POST Data: Array
(
    [action] => upload
    [title] => qwe
    [publisher] => wewer
    [publication_date] => 2026-02-04
    [edition] => Morning
    [category_id] => 9
    [language_id] => 10
    [page_count] => 34
    [volume_issue] => 7
    [keywords] => rtyrtyr
    [description] => 
)

2026-02-20 01:30:52 - FILES Data: Array
(
    [file] => Array
        (
            [name] => pg84-images-kf8.mobi
            [full_path] => pg84-images-kf8.mobi
            [type] => application/mobi
            [tmp_name] => C:\xampp\tmp\php27B2.tmp
            [error] => 0
            [size] => 682628
        )

    [thumbnail] => Array
        (
            [name] => c1acca4f-8351-440b-a244-8d261e7d8b0f.jpg
            [full_path] => c1acca4f-8351-440b-a244-8d261e7d8b0f.jpg
            [type] => image/jpeg
            [tmp_name] => C:\xampp\tmp\php27C2.tmp
            [error] => 0
            [size] => 175772
        )

)

2026-02-20 01:30:52 - Processing upload: pg84-images-kf8.mobi (682628 bytes)
2026-02-20 01:30:52 - File moved successfully to C:\xampp\htdocs\qcpl\ArchiveSystemFilipiniana\backend\core/../../uploads/newspapers/1771522252_ce4d6017.mobi
2026-02-20 01:30:52 - DB Insert Success. New ID: 49
2026-02-20 01:37:37 - Request received. Action: upload
2026-02-20 01:37:37 - POST Data: Array
(
    [action] => upload
    [title] => tyrty
    [publisher] => hgjgf
    [publication_date] => 2026-02-03
    [edition] => Morning
    [category_id] => 6
    [language_id] => 12
    [page_count] => 67
    [volume_issue] => 45
    [keywords] => rtyt
    [description] => 
)

2026-02-20 01:37:37 - FILES Data: Array
(
    [file] => Array
        (
            [name] => pg77886-images-kf8.mobi
            [full_path] => pg77886-images-kf8.mobi
            [type] => application/mobi
            [tmp_name] => C:\xampp\tmp\php5464.tmp
            [error] => 0
            [size] => 724968
        )

    [thumbnail] => Array
        (
            [name] => efa58f34-b4a2-460f-8049-4e6fc7989c54.jpg
            [full_path] => efa58f34-b4a2-460f-8049-4e6fc7989c54.jpg
            [type] => image/jpeg
            [tmp_name] => C:\xampp\tmp\php5475.tmp
            [error] => 0
            [size] => 215722
        )

)

2026-02-20 01:37:37 - Processing upload: pg77886-images-kf8.mobi (724968 bytes)
2026-02-20 01:37:37 - File moved successfully to C:\xampp\htdocs\qcpl\ArchiveSystemFilipiniana\backend\core/../../uploads/newspapers/1771522657_aef8a38c.mobi
2026-02-20 01:37:37 - DB Insert Success. New ID: 50
